Created by PLY version 3.11 (http://www.dabeaz.com/ply)

Unused terminals:

    ID
    RBOOLEAN
    RBREAK
    RCASE
    RCHAR
    RCONTINUE
    RDEFAULT
    RDOUBLE
    RELSE
    RFOR
    RFUNC
    RIF
    RINT
    RLENGTH
    RMAIN
    RNULL
    RREAD
    RRETURN
    RROUND
    RSTRING
    RSWITCH
    RTOLOWER
    RTOUPPER
    RTRUNCATE
    RTYPEOF
    RWHILE

Grammar

Rule 0     S' -> init
Rule 1     init -> instrucciones
Rule 2     instrucciones -> instrucciones instruccion
Rule 3     instrucciones -> instruccion
Rule 4     instruccion -> imprimir_instr
Rule 5     instruccion -> error PUNTOCOMA
Rule 6     imprimir_instr -> RPRINT PARA expresion PARC PUNTOCOMA
Rule 7     expresion -> expresion MAS expresion
Rule 8     expresion -> expresion MENOS expresion
Rule 9     expresion -> expresion POR expresion
Rule 10    expresion -> expresion DIV expresion
Rule 11    expresion -> expresion POT expresion
Rule 12    expresion -> expresion MOD expresion
Rule 13    expresion -> expresion MENORQUE expresion
Rule 14    expresion -> expresion MAYORQUE expresion
Rule 15    expresion -> expresion IGUALIGUAL expresion
Rule 16    expresion -> expresion DIFERENTE expresion
Rule 17    expresion -> expresion MENORIGUAL expresion
Rule 18    expresion -> expresion MAYORIGUAL expresion
Rule 19    expresion -> expresion AND expresion
Rule 20    expresion -> expresion OR expresion
Rule 21    expresion -> MENOS expresion
Rule 22    expresion -> NOT expresion
Rule 23    expresion -> PARA expresion PARC
Rule 24    expresion -> ENTERO
Rule 25    expresion -> DECIMAL
Rule 26    expresion -> CADENA
Rule 27    expresion -> BOOLEANO
Rule 28    expresion -> CARACTER

Terminals, with rules where they appear

AND                  : 19
BOOLEANO             : 27
CADENA               : 26
CARACTER             : 28
DECIMAL              : 25
DIFERENTE            : 16
DIV                  : 10
ENTERO               : 24
ID                   : 
IGUALIGUAL           : 15
MAS                  : 7
MAYORIGUAL           : 18
MAYORQUE             : 14
MENORIGUAL           : 17
MENORQUE             : 13
MENOS                : 8 21
MOD                  : 12
NOT                  : 22
OR                   : 20
PARA                 : 6 23
PARC                 : 6 23
POR                  : 9
POT                  : 11
PUNTOCOMA            : 5 6
RBOOLEAN             : 
RBREAK               : 
RCASE                : 
RCHAR                : 
RCONTINUE            : 
RDEFAULT             : 
RDOUBLE              : 
RELSE                : 
RFOR                 : 
RFUNC                : 
RIF                  : 
RINT                 : 
RLENGTH              : 
RMAIN                : 
RNULL                : 
RPRINT               : 6
RREAD                : 
RRETURN              : 
RROUND               : 
RSTRING              : 
RSWITCH              : 
RTOLOWER             : 
RTOUPPER             : 
RTRUNCATE            : 
RTYPEOF              : 
RWHILE               : 
error                : 5

Nonterminals, with rules where they appear

expresion            : 6 7 7 8 8 9 9 10 10 11 11 12 12 13 13 14 14 15 15 16 16 17 17 18 18 19 19 20 20 21 22 23
imprimir_instr       : 4
init                 : 0
instruccion          : 2 3
instrucciones        : 1 2

Parsing method: LALR

state 0

    (0) S' -> . init
    (1) init -> . instrucciones
    (2) instrucciones -> . instrucciones instruccion
    (3) instrucciones -> . instruccion
    (4) instruccion -> . imprimir_instr
    (5) instruccion -> . error PUNTOCOMA
    (6) imprimir_instr -> . RPRINT PARA expresion PARC PUNTOCOMA

    error           shift and go to state 5
    RPRINT          shift and go to state 6

    init                           shift and go to state 1
    instrucciones                  shift and go to state 2
    instruccion                    shift and go to state 3
    imprimir_instr                 shift and go to state 4

state 1

    (0) S' -> init .



state 2

    (1) init -> instrucciones .
    (2) instrucciones -> instrucciones . instruccion
    (4) instruccion -> . imprimir_instr
    (5) instruccion -> . error PUNTOCOMA
    (6) imprimir_instr -> . RPRINT PARA expresion PARC PUNTOCOMA

    $end            reduce using rule 1 (init -> instrucciones .)
    error           shift and go to state 5
    RPRINT          shift and go to state 6

    instruccion                    shift and go to state 7
    imprimir_instr                 shift and go to state 4

state 3

    (3) instrucciones -> instruccion .

    error           reduce using rule 3 (instrucciones -> instruccion .)
    RPRINT          reduce using rule 3 (instrucciones -> instruccion .)
    $end            reduce using rule 3 (instrucciones -> instruccion .)


state 4

    (4) instruccion -> imprimir_instr .

    error           reduce using rule 4 (instruccion -> imprimir_instr .)
    RPRINT          reduce using rule 4 (instruccion -> imprimir_instr .)
    $end            reduce using rule 4 (instruccion -> imprimir_instr .)


state 5

    (5) instruccion -> error . PUNTOCOMA

    PUNTOCOMA       shift and go to state 8


state 6

    (6) imprimir_instr -> RPRINT . PARA expresion PARC PUNTOCOMA

    PARA            shift and go to state 9


state 7

    (2) instrucciones -> instrucciones instruccion .

    error           reduce using rule 2 (instrucciones -> instrucciones instruccion .)
    RPRINT          reduce using rule 2 (instrucciones -> instrucciones instruccion .)
    $end            reduce using rule 2 (instrucciones -> instrucciones instruccion .)


state 8

    (5) instruccion -> error PUNTOCOMA .

    error           reduce using rule 5 (instruccion -> error PUNTOCOMA .)
    RPRINT          reduce using rule 5 (instruccion -> error PUNTOCOMA .)
    $end            reduce using rule 5 (instruccion -> error PUNTOCOMA .)


state 9

    (6) imprimir_instr -> RPRINT PARA . expresion PARC PUNTOCOMA
    (7) expresion -> . expresion MAS expresion
    (8) expresion -> . expresion MENOS expresion
    (9) expresion -> . expresion POR expresion
    (10) expresion -> . expresion DIV expresion
    (11) expresion -> . expresion POT expresion
    (12) expresion -> . expresion MOD expresion
    (13) expresion -> . expresion MENORQUE expresion
    (14) expresion -> . expresion MAYORQUE expresion
    (15) expresion -> . expresion IGUALIGUAL expresion
    (16) expresion -> . expresion DIFERENTE expresion
    (17) expresion -> . expresion MENORIGUAL expresion
    (18) expresion -> . expresion MAYORIGUAL expresion
    (19) expresion -> . expresion AND expresion
    (20) expresion -> . expresion OR expresion
    (21) expresion -> . MENOS expresion
    (22) expresion -> . NOT expresion
    (23) expresion -> . PARA expresion PARC
    (24) expresion -> . ENTERO
    (25) expresion -> . DECIMAL
    (26) expresion -> . CADENA
    (27) expresion -> . BOOLEANO
    (28) expresion -> . CARACTER

    MENOS           shift and go to state 12
    NOT             shift and go to state 13
    PARA            shift and go to state 10
    ENTERO          shift and go to state 14
    DECIMAL         shift and go to state 15
    CADENA          shift and go to state 16
    BOOLEANO        shift and go to state 17
    CARACTER        shift and go to state 18

    expresion                      shift and go to state 11

state 10

    (23) expresion -> PARA . expresion PARC
    (7) expresion -> . expresion MAS expresion
    (8) expresion -> . expresion MENOS expresion
    (9) expresion -> . expresion POR expresion
    (10) expresion -> . expresion DIV expresion
    (11) expresion -> . expresion POT expresion
    (12) expresion -> . expresion MOD expresion
    (13) expresion -> . expresion MENORQUE expresion
    (14) expresion -> . expresion MAYORQUE expresion
    (15) expresion -> . expresion IGUALIGUAL expresion
    (16) expresion -> . expresion DIFERENTE expresion
    (17) expresion -> . expresion MENORIGUAL expresion
    (18) expresion -> . expresion MAYORIGUAL expresion
    (19) expresion -> . expresion AND expresion
    (20) expresion -> . expresion OR expresion
    (21) expresion -> . MENOS expresion
    (22) expresion -> . NOT expresion
    (23) expresion -> . PARA expresion PARC
    (24) expresion -> . ENTERO
    (25) expresion -> . DECIMAL
    (26) expresion -> . CADENA
    (27) expresion -> . BOOLEANO
    (28) expresion -> . CARACTER

    MENOS           shift and go to state 12
    NOT             shift and go to state 13
    PARA            shift and go to state 10
    ENTERO          shift and go to state 14
    DECIMAL         shift and go to state 15
    CADENA          shift and go to state 16
    BOOLEANO        shift and go to state 17
    CARACTER        shift and go to state 18

    expresion                      shift and go to state 19

state 11

    (6) imprimir_instr -> RPRINT PARA expresion . PARC PUNTOCOMA
    (7) expresion -> expresion . MAS expresion
    (8) expresion -> expresion . MENOS expresion
    (9) expresion -> expresion . POR expresion
    (10) expresion -> expresion . DIV expresion
    (11) expresion -> expresion . POT expresion
    (12) expresion -> expresion . MOD expresion
    (13) expresion -> expresion . MENORQUE expresion
    (14) expresion -> expresion . MAYORQUE expresion
    (15) expresion -> expresion . IGUALIGUAL expresion
    (16) expresion -> expresion . DIFERENTE expresion
    (17) expresion -> expresion . MENORIGUAL expresion
    (18) expresion -> expresion . MAYORIGUAL expresion
    (19) expresion -> expresion . AND expresion
    (20) expresion -> expresion . OR expresion

    PARC            shift and go to state 20
    MAS             shift and go to state 21
    MENOS           shift and go to state 22
    POR             shift and go to state 23
    DIV             shift and go to state 24
    POT             shift and go to state 25
    MOD             shift and go to state 26
    MENORQUE        shift and go to state 27
    MAYORQUE        shift and go to state 28
    IGUALIGUAL      shift and go to state 29
    DIFERENTE       shift and go to state 30
    MENORIGUAL      shift and go to state 31
    MAYORIGUAL      shift and go to state 32
    AND             shift and go to state 33
    OR              shift and go to state 34


state 12

    (21) expresion -> MENOS . expresion
    (7) expresion -> . expresion MAS expresion
    (8) expresion -> . expresion MENOS expresion
    (9) expresion -> . expresion POR expresion
    (10) expresion -> . expresion DIV expresion
    (11) expresion -> . expresion POT expresion
    (12) expresion -> . expresion MOD expresion
    (13) expresion -> . expresion MENORQUE expresion
    (14) expresion -> . expresion MAYORQUE expresion
    (15) expresion -> . expresion IGUALIGUAL expresion
    (16) expresion -> . expresion DIFERENTE expresion
    (17) expresion -> . expresion MENORIGUAL expresion
    (18) expresion -> . expresion MAYORIGUAL expresion
    (19) expresion -> . expresion AND expresion
    (20) expresion -> . expresion OR expresion
    (21) expresion -> . MENOS expresion
    (22) expresion -> . NOT expresion
    (23) expresion -> . PARA expresion PARC
    (24) expresion -> . ENTERO
    (25) expresion -> . DECIMAL
    (26) expresion -> . CADENA
    (27) expresion -> . BOOLEANO
    (28) expresion -> . CARACTER

    MENOS           shift and go to state 12
    NOT             shift and go to state 13
    PARA            shift and go to state 10
    ENTERO          shift and go to state 14
    DECIMAL         shift and go to state 15
    CADENA          shift and go to state 16
    BOOLEANO        shift and go to state 17
    CARACTER        shift and go to state 18

    expresion                      shift and go to state 35

state 13

    (22) expresion -> NOT . expresion
    (7) expresion -> . expresion MAS expresion
    (8) expresion -> . expresion MENOS expresion
    (9) expresion -> . expresion POR expresion
    (10) expresion -> . expresion DIV expresion
    (11) expresion -> . expresion POT expresion
    (12) expresion -> . expresion MOD expresion
    (13) expresion -> . expresion MENORQUE expresion
    (14) expresion -> . expresion MAYORQUE expresion
    (15) expresion -> . expresion IGUALIGUAL expresion
    (16) expresion -> . expresion DIFERENTE expresion
    (17) expresion -> . expresion MENORIGUAL expresion
    (18) expresion -> . expresion MAYORIGUAL expresion
    (19) expresion -> . expresion AND expresion
    (20) expresion -> . expresion OR expresion
    (21) expresion -> . MENOS expresion
    (22) expresion -> . NOT expresion
    (23) expresion -> . PARA expresion PARC
    (24) expresion -> . ENTERO
    (25) expresion -> . DECIMAL
    (26) expresion -> . CADENA
    (27) expresion -> . BOOLEANO
    (28) expresion -> . CARACTER

    MENOS           shift and go to state 12
    NOT             shift and go to state 13
    PARA            shift and go to state 10
    ENTERO          shift and go to state 14
    DECIMAL         shift and go to state 15
    CADENA          shift and go to state 16
    BOOLEANO        shift and go to state 17
    CARACTER        shift and go to state 18

    expresion                      shift and go to state 36

state 14

    (24) expresion -> ENTERO .

    PARC            reduce using rule 24 (expresion -> ENTERO .)
    MAS             reduce using rule 24 (expresion -> ENTERO .)
    MENOS           reduce using rule 24 (expresion -> ENTERO .)
    POR             reduce using rule 24 (expresion -> ENTERO .)
    DIV             reduce using rule 24 (expresion -> ENTERO .)
    POT             reduce using rule 24 (expresion -> ENTERO .)
    MOD             reduce using rule 24 (expresion -> ENTERO .)
    MENORQUE        reduce using rule 24 (expresion -> ENTERO .)
    MAYORQUE        reduce using rule 24 (expresion -> ENTERO .)
    IGUALIGUAL      reduce using rule 24 (expresion -> ENTERO .)
    DIFERENTE       reduce using rule 24 (expresion -> ENTERO .)
    MENORIGUAL      reduce using rule 24 (expresion -> ENTERO .)
    MAYORIGUAL      reduce using rule 24 (expresion -> ENTERO .)
    AND             reduce using rule 24 (expresion -> ENTERO .)
    OR              reduce using rule 24 (expresion -> ENTERO .)


state 15

    (25) expresion -> DECIMAL .

    PARC            reduce using rule 25 (expresion -> DECIMAL .)
    MAS             reduce using rule 25 (expresion -> DECIMAL .)
    MENOS           reduce using rule 25 (expresion -> DECIMAL .)
    POR             reduce using rule 25 (expresion -> DECIMAL .)
    DIV             reduce using rule 25 (expresion -> DECIMAL .)
    POT             reduce using rule 25 (expresion -> DECIMAL .)
    MOD             reduce using rule 25 (expresion -> DECIMAL .)
    MENORQUE        reduce using rule 25 (expresion -> DECIMAL .)
    MAYORQUE        reduce using rule 25 (expresion -> DECIMAL .)
    IGUALIGUAL      reduce using rule 25 (expresion -> DECIMAL .)
    DIFERENTE       reduce using rule 25 (expresion -> DECIMAL .)
    MENORIGUAL      reduce using rule 25 (expresion -> DECIMAL .)
    MAYORIGUAL      reduce using rule 25 (expresion -> DECIMAL .)
    AND             reduce using rule 25 (expresion -> DECIMAL .)
    OR              reduce using rule 25 (expresion -> DECIMAL .)


state 16

    (26) expresion -> CADENA .

    PARC            reduce using rule 26 (expresion -> CADENA .)
    MAS             reduce using rule 26 (expresion -> CADENA .)
    MENOS           reduce using rule 26 (expresion -> CADENA .)
    POR             reduce using rule 26 (expresion -> CADENA .)
    DIV             reduce using rule 26 (expresion -> CADENA .)
    POT             reduce using rule 26 (expresion -> CADENA .)
    MOD             reduce using rule 26 (expresion -> CADENA .)
    MENORQUE        reduce using rule 26 (expresion -> CADENA .)
    MAYORQUE        reduce using rule 26 (expresion -> CADENA .)
    IGUALIGUAL      reduce using rule 26 (expresion -> CADENA .)
    DIFERENTE       reduce using rule 26 (expresion -> CADENA .)
    MENORIGUAL      reduce using rule 26 (expresion -> CADENA .)
    MAYORIGUAL      reduce using rule 26 (expresion -> CADENA .)
    AND             reduce using rule 26 (expresion -> CADENA .)
    OR              reduce using rule 26 (expresion -> CADENA .)


state 17

    (27) expresion -> BOOLEANO .

    PARC            reduce using rule 27 (expresion -> BOOLEANO .)
    MAS             reduce using rule 27 (expresion -> BOOLEANO .)
    MENOS           reduce using rule 27 (expresion -> BOOLEANO .)
    POR             reduce using rule 27 (expresion -> BOOLEANO .)
    DIV             reduce using rule 27 (expresion -> BOOLEANO .)
    POT             reduce using rule 27 (expresion -> BOOLEANO .)
    MOD             reduce using rule 27 (expresion -> BOOLEANO .)
    MENORQUE        reduce using rule 27 (expresion -> BOOLEANO .)
    MAYORQUE        reduce using rule 27 (expresion -> BOOLEANO .)
    IGUALIGUAL      reduce using rule 27 (expresion -> BOOLEANO .)
    DIFERENTE       reduce using rule 27 (expresion -> BOOLEANO .)
    MENORIGUAL      reduce using rule 27 (expresion -> BOOLEANO .)
    MAYORIGUAL      reduce using rule 27 (expresion -> BOOLEANO .)
    AND             reduce using rule 27 (expresion -> BOOLEANO .)
    OR              reduce using rule 27 (expresion -> BOOLEANO .)


state 18

    (28) expresion -> CARACTER .

    PARC            reduce using rule 28 (expresion -> CARACTER .)
    MAS             reduce using rule 28 (expresion -> CARACTER .)
    MENOS           reduce using rule 28 (expresion -> CARACTER .)
    POR             reduce using rule 28 (expresion -> CARACTER .)
    DIV             reduce using rule 28 (expresion -> CARACTER .)
    POT             reduce using rule 28 (expresion -> CARACTER .)
    MOD             reduce using rule 28 (expresion -> CARACTER .)
    MENORQUE        reduce using rule 28 (expresion -> CARACTER .)
    MAYORQUE        reduce using rule 28 (expresion -> CARACTER .)
    IGUALIGUAL      reduce using rule 28 (expresion -> CARACTER .)
    DIFERENTE       reduce using rule 28 (expresion -> CARACTER .)
    MENORIGUAL      reduce using rule 28 (expresion -> CARACTER .)
    MAYORIGUAL      reduce using rule 28 (expresion -> CARACTER .)
    AND             reduce using rule 28 (expresion -> CARACTER .)
    OR              reduce using rule 28 (expresion -> CARACTER .)


state 19

    (23) expresion -> PARA expresion . PARC
    (7) expresion -> expresion . MAS expresion
    (8) expresion -> expresion . MENOS expresion
    (9) expresion -> expresion . POR expresion
    (10) expresion -> expresion . DIV expresion
    (11) expresion -> expresion . POT expresion
    (12) expresion -> expresion . MOD expresion
    (13) expresion -> expresion . MENORQUE expresion
    (14) expresion -> expresion . MAYORQUE expresion
    (15) expresion -> expresion . IGUALIGUAL expresion
    (16) expresion -> expresion . DIFERENTE expresion
    (17) expresion -> expresion . MENORIGUAL expresion
    (18) expresion -> expresion . MAYORIGUAL expresion
    (19) expresion -> expresion . AND expresion
    (20) expresion -> expresion . OR expresion

    PARC            shift and go to state 37
    MAS             shift and go to state 21
    MENOS           shift and go to state 22
    POR             shift and go to state 23
    DIV             shift and go to state 24
    POT             shift and go to state 25
    MOD             shift and go to state 26
    MENORQUE        shift and go to state 27
    MAYORQUE        shift and go to state 28
    IGUALIGUAL      shift and go to state 29
    DIFERENTE       shift and go to state 30
    MENORIGUAL      shift and go to state 31
    MAYORIGUAL      shift and go to state 32
    AND             shift and go to state 33
    OR              shift and go to state 34


state 20

    (6) imprimir_instr -> RPRINT PARA expresion PARC . PUNTOCOMA

    PUNTOCOMA       shift and go to state 38


state 21

    (7) expresion -> expresion MAS . expresion
    (7) expresion -> . expresion MAS expresion
    (8) expresion -> . expresion MENOS expresion
    (9) expresion -> . expresion POR expresion
    (10) expresion -> . expresion DIV expresion
    (11) expresion -> . expresion POT expresion
    (12) expresion -> . expresion MOD expresion
    (13) expresion -> . expresion MENORQUE expresion
    (14) expresion -> . expresion MAYORQUE expresion
    (15) expresion -> . expresion IGUALIGUAL expresion
    (16) expresion -> . expresion DIFERENTE expresion
    (17) expresion -> . expresion MENORIGUAL expresion
    (18) expresion -> . expresion MAYORIGUAL expresion
    (19) expresion -> . expresion AND expresion
    (20) expresion -> . expresion OR expresion
    (21) expresion -> . MENOS expresion
    (22) expresion -> . NOT expresion
    (23) expresion -> . PARA expresion PARC
    (24) expresion -> . ENTERO
    (25) expresion -> . DECIMAL
    (26) expresion -> . CADENA
    (27) expresion -> . BOOLEANO
    (28) expresion -> . CARACTER

    MENOS           shift and go to state 12
    NOT             shift and go to state 13
    PARA            shift and go to state 10
    ENTERO          shift and go to state 14
    DECIMAL         shift and go to state 15
    CADENA          shift and go to state 16
    BOOLEANO        shift and go to state 17
    CARACTER        shift and go to state 18

    expresion                      shift and go to state 39

state 22

    (8) expresion -> expresion MENOS . expresion
    (7) expresion -> . expresion MAS expresion
    (8) expresion -> . expresion MENOS expresion
    (9) expresion -> . expresion POR expresion
    (10) expresion -> . expresion DIV expresion
    (11) expresion -> . expresion POT expresion
    (12) expresion -> . expresion MOD expresion
    (13) expresion -> . expresion MENORQUE expresion
    (14) expresion -> . expresion MAYORQUE expresion
    (15) expresion -> . expresion IGUALIGUAL expresion
    (16) expresion -> . expresion DIFERENTE expresion
    (17) expresion -> . expresion MENORIGUAL expresion
    (18) expresion -> . expresion MAYORIGUAL expresion
    (19) expresion -> . expresion AND expresion
    (20) expresion -> . expresion OR expresion
    (21) expresion -> . MENOS expresion
    (22) expresion -> . NOT expresion
    (23) expresion -> . PARA expresion PARC
    (24) expresion -> . ENTERO
    (25) expresion -> . DECIMAL
    (26) expresion -> . CADENA
    (27) expresion -> . BOOLEANO
    (28) expresion -> . CARACTER

    MENOS           shift and go to state 12
    NOT             shift and go to state 13
    PARA            shift and go to state 10
    ENTERO          shift and go to state 14
    DECIMAL         shift and go to state 15
    CADENA          shift and go to state 16
    BOOLEANO        shift and go to state 17
    CARACTER        shift and go to state 18

    expresion                      shift and go to state 40

state 23

    (9) expresion -> expresion POR . expresion
    (7) expresion -> . expresion MAS expresion
    (8) expresion -> . expresion MENOS expresion
    (9) expresion -> . expresion POR expresion
    (10) expresion -> . expresion DIV expresion
    (11) expresion -> . expresion POT expresion
    (12) expresion -> . expresion MOD expresion
    (13) expresion -> . expresion MENORQUE expresion
    (14) expresion -> . expresion MAYORQUE expresion
    (15) expresion -> . expresion IGUALIGUAL expresion
    (16) expresion -> . expresion DIFERENTE expresion
    (17) expresion -> . expresion MENORIGUAL expresion
    (18) expresion -> . expresion MAYORIGUAL expresion
    (19) expresion -> . expresion AND expresion
    (20) expresion -> . expresion OR expresion
    (21) expresion -> . MENOS expresion
    (22) expresion -> . NOT expresion
    (23) expresion -> . PARA expresion PARC
    (24) expresion -> . ENTERO
    (25) expresion -> . DECIMAL
    (26) expresion -> . CADENA
    (27) expresion -> . BOOLEANO
    (28) expresion -> . CARACTER

    MENOS           shift and go to state 12
    NOT             shift and go to state 13
    PARA            shift and go to state 10
    ENTERO          shift and go to state 14
    DECIMAL         shift and go to state 15
    CADENA          shift and go to state 16
    BOOLEANO        shift and go to state 17
    CARACTER        shift and go to state 18

    expresion                      shift and go to state 41

state 24

    (10) expresion -> expresion DIV . expresion
    (7) expresion -> . expresion MAS expresion
    (8) expresion -> . expresion MENOS expresion
    (9) expresion -> . expresion POR expresion
    (10) expresion -> . expresion DIV expresion
    (11) expresion -> . expresion POT expresion
    (12) expresion -> . expresion MOD expresion
    (13) expresion -> . expresion MENORQUE expresion
    (14) expresion -> . expresion MAYORQUE expresion
    (15) expresion -> . expresion IGUALIGUAL expresion
    (16) expresion -> . expresion DIFERENTE expresion
    (17) expresion -> . expresion MENORIGUAL expresion
    (18) expresion -> . expresion MAYORIGUAL expresion
    (19) expresion -> . expresion AND expresion
    (20) expresion -> . expresion OR expresion
    (21) expresion -> . MENOS expresion
    (22) expresion -> . NOT expresion
    (23) expresion -> . PARA expresion PARC
    (24) expresion -> . ENTERO
    (25) expresion -> . DECIMAL
    (26) expresion -> . CADENA
    (27) expresion -> . BOOLEANO
    (28) expresion -> . CARACTER

    MENOS           shift and go to state 12
    NOT             shift and go to state 13
    PARA            shift and go to state 10
    ENTERO          shift and go to state 14
    DECIMAL         shift and go to state 15
    CADENA          shift and go to state 16
    BOOLEANO        shift and go to state 17
    CARACTER        shift and go to state 18

    expresion                      shift and go to state 42

state 25

    (11) expresion -> expresion POT . expresion
    (7) expresion -> . expresion MAS expresion
    (8) expresion -> . expresion MENOS expresion
    (9) expresion -> . expresion POR expresion
    (10) expresion -> . expresion DIV expresion
    (11) expresion -> . expresion POT expresion
    (12) expresion -> . expresion MOD expresion
    (13) expresion -> . expresion MENORQUE expresion
    (14) expresion -> . expresion MAYORQUE expresion
    (15) expresion -> . expresion IGUALIGUAL expresion
    (16) expresion -> . expresion DIFERENTE expresion
    (17) expresion -> . expresion MENORIGUAL expresion
    (18) expresion -> . expresion MAYORIGUAL expresion
    (19) expresion -> . expresion AND expresion
    (20) expresion -> . expresion OR expresion
    (21) expresion -> . MENOS expresion
    (22) expresion -> . NOT expresion
    (23) expresion -> . PARA expresion PARC
    (24) expresion -> . ENTERO
    (25) expresion -> . DECIMAL
    (26) expresion -> . CADENA
    (27) expresion -> . BOOLEANO
    (28) expresion -> . CARACTER

    MENOS           shift and go to state 12
    NOT             shift and go to state 13
    PARA            shift and go to state 10
    ENTERO          shift and go to state 14
    DECIMAL         shift and go to state 15
    CADENA          shift and go to state 16
    BOOLEANO        shift and go to state 17
    CARACTER        shift and go to state 18

    expresion                      shift and go to state 43

state 26

    (12) expresion -> expresion MOD . expresion
    (7) expresion -> . expresion MAS expresion
    (8) expresion -> . expresion MENOS expresion
    (9) expresion -> . expresion POR expresion
    (10) expresion -> . expresion DIV expresion
    (11) expresion -> . expresion POT expresion
    (12) expresion -> . expresion MOD expresion
    (13) expresion -> . expresion MENORQUE expresion
    (14) expresion -> . expresion MAYORQUE expresion
    (15) expresion -> . expresion IGUALIGUAL expresion
    (16) expresion -> . expresion DIFERENTE expresion
    (17) expresion -> . expresion MENORIGUAL expresion
    (18) expresion -> . expresion MAYORIGUAL expresion
    (19) expresion -> . expresion AND expresion
    (20) expresion -> . expresion OR expresion
    (21) expresion -> . MENOS expresion
    (22) expresion -> . NOT expresion
    (23) expresion -> . PARA expresion PARC
    (24) expresion -> . ENTERO
    (25) expresion -> . DECIMAL
    (26) expresion -> . CADENA
    (27) expresion -> . BOOLEANO
    (28) expresion -> . CARACTER

    MENOS           shift and go to state 12
    NOT             shift and go to state 13
    PARA            shift and go to state 10
    ENTERO          shift and go to state 14
    DECIMAL         shift and go to state 15
    CADENA          shift and go to state 16
    BOOLEANO        shift and go to state 17
    CARACTER        shift and go to state 18

    expresion                      shift and go to state 44

state 27

    (13) expresion -> expresion MENORQUE . expresion
    (7) expresion -> . expresion MAS expresion
    (8) expresion -> . expresion MENOS expresion
    (9) expresion -> . expresion POR expresion
    (10) expresion -> . expresion DIV expresion
    (11) expresion -> . expresion POT expresion
    (12) expresion -> . expresion MOD expresion
    (13) expresion -> . expresion MENORQUE expresion
    (14) expresion -> . expresion MAYORQUE expresion
    (15) expresion -> . expresion IGUALIGUAL expresion
    (16) expresion -> . expresion DIFERENTE expresion
    (17) expresion -> . expresion MENORIGUAL expresion
    (18) expresion -> . expresion MAYORIGUAL expresion
    (19) expresion -> . expresion AND expresion
    (20) expresion -> . expresion OR expresion
    (21) expresion -> . MENOS expresion
    (22) expresion -> . NOT expresion
    (23) expresion -> . PARA expresion PARC
    (24) expresion -> . ENTERO
    (25) expresion -> . DECIMAL
    (26) expresion -> . CADENA
    (27) expresion -> . BOOLEANO
    (28) expresion -> . CARACTER

    MENOS           shift and go to state 12
    NOT             shift and go to state 13
    PARA            shift and go to state 10
    ENTERO          shift and go to state 14
    DECIMAL         shift and go to state 15
    CADENA          shift and go to state 16
    BOOLEANO        shift and go to state 17
    CARACTER        shift and go to state 18

    expresion                      shift and go to state 45

state 28

    (14) expresion -> expresion MAYORQUE . expresion
    (7) expresion -> . expresion MAS expresion
    (8) expresion -> . expresion MENOS expresion
    (9) expresion -> . expresion POR expresion
    (10) expresion -> . expresion DIV expresion
    (11) expresion -> . expresion POT expresion
    (12) expresion -> . expresion MOD expresion
    (13) expresion -> . expresion MENORQUE expresion
    (14) expresion -> . expresion MAYORQUE expresion
    (15) expresion -> . expresion IGUALIGUAL expresion
    (16) expresion -> . expresion DIFERENTE expresion
    (17) expresion -> . expresion MENORIGUAL expresion
    (18) expresion -> . expresion MAYORIGUAL expresion
    (19) expresion -> . expresion AND expresion
    (20) expresion -> . expresion OR expresion
    (21) expresion -> . MENOS expresion
    (22) expresion -> . NOT expresion
    (23) expresion -> . PARA expresion PARC
    (24) expresion -> . ENTERO
    (25) expresion -> . DECIMAL
    (26) expresion -> . CADENA
    (27) expresion -> . BOOLEANO
    (28) expresion -> . CARACTER

    MENOS           shift and go to state 12
    NOT             shift and go to state 13
    PARA            shift and go to state 10
    ENTERO          shift and go to state 14
    DECIMAL         shift and go to state 15
    CADENA          shift and go to state 16
    BOOLEANO        shift and go to state 17
    CARACTER        shift and go to state 18

    expresion                      shift and go to state 46

state 29

    (15) expresion -> expresion IGUALIGUAL . expresion
    (7) expresion -> . expresion MAS expresion
    (8) expresion -> . expresion MENOS expresion
    (9) expresion -> . expresion POR expresion
    (10) expresion -> . expresion DIV expresion
    (11) expresion -> . expresion POT expresion
    (12) expresion -> . expresion MOD expresion
    (13) expresion -> . expresion MENORQUE expresion
    (14) expresion -> . expresion MAYORQUE expresion
    (15) expresion -> . expresion IGUALIGUAL expresion
    (16) expresion -> . expresion DIFERENTE expresion
    (17) expresion -> . expresion MENORIGUAL expresion
    (18) expresion -> . expresion MAYORIGUAL expresion
    (19) expresion -> . expresion AND expresion
    (20) expresion -> . expresion OR expresion
    (21) expresion -> . MENOS expresion
    (22) expresion -> . NOT expresion
    (23) expresion -> . PARA expresion PARC
    (24) expresion -> . ENTERO
    (25) expresion -> . DECIMAL
    (26) expresion -> . CADENA
    (27) expresion -> . BOOLEANO
    (28) expresion -> . CARACTER

    MENOS           shift and go to state 12
    NOT             shift and go to state 13
    PARA            shift and go to state 10
    ENTERO          shift and go to state 14
    DECIMAL         shift and go to state 15
    CADENA          shift and go to state 16
    BOOLEANO        shift and go to state 17
    CARACTER        shift and go to state 18

    expresion                      shift and go to state 47

state 30

    (16) expresion -> expresion DIFERENTE . expresion
    (7) expresion -> . expresion MAS expresion
    (8) expresion -> . expresion MENOS expresion
    (9) expresion -> . expresion POR expresion
    (10) expresion -> . expresion DIV expresion
    (11) expresion -> . expresion POT expresion
    (12) expresion -> . expresion MOD expresion
    (13) expresion -> . expresion MENORQUE expresion
    (14) expresion -> . expresion MAYORQUE expresion
    (15) expresion -> . expresion IGUALIGUAL expresion
    (16) expresion -> . expresion DIFERENTE expresion
    (17) expresion -> . expresion MENORIGUAL expresion
    (18) expresion -> . expresion MAYORIGUAL expresion
    (19) expresion -> . expresion AND expresion
    (20) expresion -> . expresion OR expresion
    (21) expresion -> . MENOS expresion
    (22) expresion -> . NOT expresion
    (23) expresion -> . PARA expresion PARC
    (24) expresion -> . ENTERO
    (25) expresion -> . DECIMAL
    (26) expresion -> . CADENA
    (27) expresion -> . BOOLEANO
    (28) expresion -> . CARACTER

    MENOS           shift and go to state 12
    NOT             shift and go to state 13
    PARA            shift and go to state 10
    ENTERO          shift and go to state 14
    DECIMAL         shift and go to state 15
    CADENA          shift and go to state 16
    BOOLEANO        shift and go to state 17
    CARACTER        shift and go to state 18

    expresion                      shift and go to state 48

state 31

    (17) expresion -> expresion MENORIGUAL . expresion
    (7) expresion -> . expresion MAS expresion
    (8) expresion -> . expresion MENOS expresion
    (9) expresion -> . expresion POR expresion
    (10) expresion -> . expresion DIV expresion
    (11) expresion -> . expresion POT expresion
    (12) expresion -> . expresion MOD expresion
    (13) expresion -> . expresion MENORQUE expresion
    (14) expresion -> . expresion MAYORQUE expresion
    (15) expresion -> . expresion IGUALIGUAL expresion
    (16) expresion -> . expresion DIFERENTE expresion
    (17) expresion -> . expresion MENORIGUAL expresion
    (18) expresion -> . expresion MAYORIGUAL expresion
    (19) expresion -> . expresion AND expresion
    (20) expresion -> . expresion OR expresion
    (21) expresion -> . MENOS expresion
    (22) expresion -> . NOT expresion
    (23) expresion -> . PARA expresion PARC
    (24) expresion -> . ENTERO
    (25) expresion -> . DECIMAL
    (26) expresion -> . CADENA
    (27) expresion -> . BOOLEANO
    (28) expresion -> . CARACTER

    MENOS           shift and go to state 12
    NOT             shift and go to state 13
    PARA            shift and go to state 10
    ENTERO          shift and go to state 14
    DECIMAL         shift and go to state 15
    CADENA          shift and go to state 16
    BOOLEANO        shift and go to state 17
    CARACTER        shift and go to state 18

    expresion                      shift and go to state 49

state 32

    (18) expresion -> expresion MAYORIGUAL . expresion
    (7) expresion -> . expresion MAS expresion
    (8) expresion -> . expresion MENOS expresion
    (9) expresion -> . expresion POR expresion
    (10) expresion -> . expresion DIV expresion
    (11) expresion -> . expresion POT expresion
    (12) expresion -> . expresion MOD expresion
    (13) expresion -> . expresion MENORQUE expresion
    (14) expresion -> . expresion MAYORQUE expresion
    (15) expresion -> . expresion IGUALIGUAL expresion
    (16) expresion -> . expresion DIFERENTE expresion
    (17) expresion -> . expresion MENORIGUAL expresion
    (18) expresion -> . expresion MAYORIGUAL expresion
    (19) expresion -> . expresion AND expresion
    (20) expresion -> . expresion OR expresion
    (21) expresion -> . MENOS expresion
    (22) expresion -> . NOT expresion
    (23) expresion -> . PARA expresion PARC
    (24) expresion -> . ENTERO
    (25) expresion -> . DECIMAL
    (26) expresion -> . CADENA
    (27) expresion -> . BOOLEANO
    (28) expresion -> . CARACTER

    MENOS           shift and go to state 12
    NOT             shift and go to state 13
    PARA            shift and go to state 10
    ENTERO          shift and go to state 14
    DECIMAL         shift and go to state 15
    CADENA          shift and go to state 16
    BOOLEANO        shift and go to state 17
    CARACTER        shift and go to state 18

    expresion                      shift and go to state 50

state 33

    (19) expresion -> expresion AND . expresion
    (7) expresion -> . expresion MAS expresion
    (8) expresion -> . expresion MENOS expresion
    (9) expresion -> . expresion POR expresion
    (10) expresion -> . expresion DIV expresion
    (11) expresion -> . expresion POT expresion
    (12) expresion -> . expresion MOD expresion
    (13) expresion -> . expresion MENORQUE expresion
    (14) expresion -> . expresion MAYORQUE expresion
    (15) expresion -> . expresion IGUALIGUAL expresion
    (16) expresion -> . expresion DIFERENTE expresion
    (17) expresion -> . expresion MENORIGUAL expresion
    (18) expresion -> . expresion MAYORIGUAL expresion
    (19) expresion -> . expresion AND expresion
    (20) expresion -> . expresion OR expresion
    (21) expresion -> . MENOS expresion
    (22) expresion -> . NOT expresion
    (23) expresion -> . PARA expresion PARC
    (24) expresion -> . ENTERO
    (25) expresion -> . DECIMAL
    (26) expresion -> . CADENA
    (27) expresion -> . BOOLEANO
    (28) expresion -> . CARACTER

    MENOS           shift and go to state 12
    NOT             shift and go to state 13
    PARA            shift and go to state 10
    ENTERO          shift and go to state 14
    DECIMAL         shift and go to state 15
    CADENA          shift and go to state 16
    BOOLEANO        shift and go to state 17
    CARACTER        shift and go to state 18

    expresion                      shift and go to state 51

state 34

    (20) expresion -> expresion OR . expresion
    (7) expresion -> . expresion MAS expresion
    (8) expresion -> . expresion MENOS expresion
    (9) expresion -> . expresion POR expresion
    (10) expresion -> . expresion DIV expresion
    (11) expresion -> . expresion POT expresion
    (12) expresion -> . expresion MOD expresion
    (13) expresion -> . expresion MENORQUE expresion
    (14) expresion -> . expresion MAYORQUE expresion
    (15) expresion -> . expresion IGUALIGUAL expresion
    (16) expresion -> . expresion DIFERENTE expresion
    (17) expresion -> . expresion MENORIGUAL expresion
    (18) expresion -> . expresion MAYORIGUAL expresion
    (19) expresion -> . expresion AND expresion
    (20) expresion -> . expresion OR expresion
    (21) expresion -> . MENOS expresion
    (22) expresion -> . NOT expresion
    (23) expresion -> . PARA expresion PARC
    (24) expresion -> . ENTERO
    (25) expresion -> . DECIMAL
    (26) expresion -> . CADENA
    (27) expresion -> . BOOLEANO
    (28) expresion -> . CARACTER

    MENOS           shift and go to state 12
    NOT             shift and go to state 13
    PARA            shift and go to state 10
    ENTERO          shift and go to state 14
    DECIMAL         shift and go to state 15
    CADENA          shift and go to state 16
    BOOLEANO        shift and go to state 17
    CARACTER        shift and go to state 18

    expresion                      shift and go to state 52

state 35

    (21) expresion -> MENOS expresion .
    (7) expresion -> expresion . MAS expresion
    (8) expresion -> expresion . MENOS expresion
    (9) expresion -> expresion . POR expresion
    (10) expresion -> expresion . DIV expresion
    (11) expresion -> expresion . POT expresion
    (12) expresion -> expresion . MOD expresion
    (13) expresion -> expresion . MENORQUE expresion
    (14) expresion -> expresion . MAYORQUE expresion
    (15) expresion -> expresion . IGUALIGUAL expresion
    (16) expresion -> expresion . DIFERENTE expresion
    (17) expresion -> expresion . MENORIGUAL expresion
    (18) expresion -> expresion . MAYORIGUAL expresion
    (19) expresion -> expresion . AND expresion
    (20) expresion -> expresion . OR expresion

    PARC            reduce using rule 21 (expresion -> MENOS expresion .)
    MAS             reduce using rule 21 (expresion -> MENOS expresion .)
    MENOS           reduce using rule 21 (expresion -> MENOS expresion .)
    POR             reduce using rule 21 (expresion -> MENOS expresion .)
    DIV             reduce using rule 21 (expresion -> MENOS expresion .)
    POT             reduce using rule 21 (expresion -> MENOS expresion .)
    MOD             reduce using rule 21 (expresion -> MENOS expresion .)
    MENORQUE        reduce using rule 21 (expresion -> MENOS expresion .)
    MAYORQUE        reduce using rule 21 (expresion -> MENOS expresion .)
    IGUALIGUAL      reduce using rule 21 (expresion -> MENOS expresion .)
    DIFERENTE       reduce using rule 21 (expresion -> MENOS expresion .)
    MENORIGUAL      reduce using rule 21 (expresion -> MENOS expresion .)
    MAYORIGUAL      reduce using rule 21 (expresion -> MENOS expresion .)
    AND             reduce using rule 21 (expresion -> MENOS expresion .)
    OR              reduce using rule 21 (expresion -> MENOS expresion .)

  ! MAS             [ shift and go to state 21 ]
  ! MENOS           [ shift and go to state 22 ]
  ! POR             [ shift and go to state 23 ]
  ! DIV             [ shift and go to state 24 ]
  ! POT             [ shift and go to state 25 ]
  ! MOD             [ shift and go to state 26 ]
  ! MENORQUE        [ shift and go to state 27 ]
  ! MAYORQUE        [ shift and go to state 28 ]
  ! IGUALIGUAL      [ shift and go to state 29 ]
  ! DIFERENTE       [ shift and go to state 30 ]
  ! MENORIGUAL      [ shift and go to state 31 ]
  ! MAYORIGUAL      [ shift and go to state 32 ]
  ! AND             [ shift and go to state 33 ]
  ! OR              [ shift and go to state 34 ]


state 36

    (22) expresion -> NOT expresion .
    (7) expresion -> expresion . MAS expresion
    (8) expresion -> expresion . MENOS expresion
    (9) expresion -> expresion . POR expresion
    (10) expresion -> expresion . DIV expresion
    (11) expresion -> expresion . POT expresion
    (12) expresion -> expresion . MOD expresion
    (13) expresion -> expresion . MENORQUE expresion
    (14) expresion -> expresion . MAYORQUE expresion
    (15) expresion -> expresion . IGUALIGUAL expresion
    (16) expresion -> expresion . DIFERENTE expresion
    (17) expresion -> expresion . MENORIGUAL expresion
    (18) expresion -> expresion . MAYORIGUAL expresion
    (19) expresion -> expresion . AND expresion
    (20) expresion -> expresion . OR expresion

    PARC            reduce using rule 22 (expresion -> NOT expresion .)
    DIFERENTE       reduce using rule 22 (expresion -> NOT expresion .)
    MENORIGUAL      reduce using rule 22 (expresion -> NOT expresion .)
    MAYORIGUAL      reduce using rule 22 (expresion -> NOT expresion .)
    AND             reduce using rule 22 (expresion -> NOT expresion .)
    OR              reduce using rule 22 (expresion -> NOT expresion .)
    MAS             shift and go to state 21
    MENOS           shift and go to state 22
    POR             shift and go to state 23
    DIV             shift and go to state 24
    POT             shift and go to state 25
    MOD             shift and go to state 26
    MENORQUE        shift and go to state 27
    MAYORQUE        shift and go to state 28
    IGUALIGUAL      shift and go to state 29

  ! MAS             [ reduce using rule 22 (expresion -> NOT expresion .) ]
  ! MENOS           [ reduce using rule 22 (expresion -> NOT expresion .) ]
  ! POR             [ reduce using rule 22 (expresion -> NOT expresion .) ]
  ! DIV             [ reduce using rule 22 (expresion -> NOT expresion .) ]
  ! POT             [ reduce using rule 22 (expresion -> NOT expresion .) ]
  ! MOD             [ reduce using rule 22 (expresion -> NOT expresion .) ]
  ! MENORQUE        [ reduce using rule 22 (expresion -> NOT expresion .) ]
  ! MAYORQUE        [ reduce using rule 22 (expresion -> NOT expresion .) ]
  ! IGUALIGUAL      [ reduce using rule 22 (expresion -> NOT expresion .) ]
  ! DIFERENTE       [ shift and go to state 30 ]
  ! MENORIGUAL      [ shift and go to state 31 ]
  ! MAYORIGUAL      [ shift and go to state 32 ]
  ! AND             [ shift and go to state 33 ]
  ! OR              [ shift and go to state 34 ]


state 37

    (23) expresion -> PARA expresion PARC .

    PARC            reduce using rule 23 (expresion -> PARA expresion PARC .)
    MAS             reduce using rule 23 (expresion -> PARA expresion PARC .)
    MENOS           reduce using rule 23 (expresion -> PARA expresion PARC .)
    POR             reduce using rule 23 (expresion -> PARA expresion PARC .)
    DIV             reduce using rule 23 (expresion -> PARA expresion PARC .)
    POT             reduce using rule 23 (expresion -> PARA expresion PARC .)
    MOD             reduce using rule 23 (expresion -> PARA expresion PARC .)
    MENORQUE        reduce using rule 23 (expresion -> PARA expresion PARC .)
    MAYORQUE        reduce using rule 23 (expresion -> PARA expresion PARC .)
    IGUALIGUAL      reduce using rule 23 (expresion -> PARA expresion PARC .)
    DIFERENTE       reduce using rule 23 (expresion -> PARA expresion PARC .)
    MENORIGUAL      reduce using rule 23 (expresion -> PARA expresion PARC .)
    MAYORIGUAL      reduce using rule 23 (expresion -> PARA expresion PARC .)
    AND             reduce using rule 23 (expresion -> PARA expresion PARC .)
    OR              reduce using rule 23 (expresion -> PARA expresion PARC .)


state 38

    (6) imprimir_instr -> RPRINT PARA expresion PARC PUNTOCOMA .

    error           reduce using rule 6 (imprimir_instr -> RPRINT PARA expresion PARC PUNTOCOMA .)
    RPRINT          reduce using rule 6 (imprimir_instr -> RPRINT PARA expresion PARC PUNTOCOMA .)
    $end            reduce using rule 6 (imprimir_instr -> RPRINT PARA expresion PARC PUNTOCOMA .)


state 39

    (7) expresion -> expresion MAS expresion .
    (7) expresion -> expresion . MAS expresion
    (8) expresion -> expresion . MENOS expresion
    (9) expresion -> expresion . POR expresion
    (10) expresion -> expresion . DIV expresion
    (11) expresion -> expresion . POT expresion
    (12) expresion -> expresion . MOD expresion
    (13) expresion -> expresion . MENORQUE expresion
    (14) expresion -> expresion . MAYORQUE expresion
    (15) expresion -> expresion . IGUALIGUAL expresion
    (16) expresion -> expresion . DIFERENTE expresion
    (17) expresion -> expresion . MENORIGUAL expresion
    (18) expresion -> expresion . MAYORIGUAL expresion
    (19) expresion -> expresion . AND expresion
    (20) expresion -> expresion . OR expresion

    PARC            reduce using rule 7 (expresion -> expresion MAS expresion .)
    MAS             reduce using rule 7 (expresion -> expresion MAS expresion .)
    MENOS           reduce using rule 7 (expresion -> expresion MAS expresion .)
    MENORQUE        reduce using rule 7 (expresion -> expresion MAS expresion .)
    MAYORQUE        reduce using rule 7 (expresion -> expresion MAS expresion .)
    IGUALIGUAL      reduce using rule 7 (expresion -> expresion MAS expresion .)
    DIFERENTE       reduce using rule 7 (expresion -> expresion MAS expresion .)
    MENORIGUAL      reduce using rule 7 (expresion -> expresion MAS expresion .)
    MAYORIGUAL      reduce using rule 7 (expresion -> expresion MAS expresion .)
    AND             reduce using rule 7 (expresion -> expresion MAS expresion .)
    OR              reduce using rule 7 (expresion -> expresion MAS expresion .)
    POR             shift and go to state 23
    DIV             shift and go to state 24
    POT             shift and go to state 25
    MOD             shift and go to state 26

  ! POR             [ reduce using rule 7 (expresion -> expresion MAS expresion .) ]
  ! DIV             [ reduce using rule 7 (expresion -> expresion MAS expresion .) ]
  ! POT             [ reduce using rule 7 (expresion -> expresion MAS expresion .) ]
  ! MOD             [ reduce using rule 7 (expresion -> expresion MAS expresion .) ]
  ! MAS             [ shift and go to state 21 ]
  ! MENOS           [ shift and go to state 22 ]
  ! MENORQUE        [ shift and go to state 27 ]
  ! MAYORQUE        [ shift and go to state 28 ]
  ! IGUALIGUAL      [ shift and go to state 29 ]
  ! DIFERENTE       [ shift and go to state 30 ]
  ! MENORIGUAL      [ shift and go to state 31 ]
  ! MAYORIGUAL      [ shift and go to state 32 ]
  ! AND             [ shift and go to state 33 ]
  ! OR              [ shift and go to state 34 ]


state 40

    (8) expresion -> expresion MENOS expresion .
    (7) expresion -> expresion . MAS expresion
    (8) expresion -> expresion . MENOS expresion
    (9) expresion -> expresion . POR expresion
    (10) expresion -> expresion . DIV expresion
    (11) expresion -> expresion . POT expresion
    (12) expresion -> expresion . MOD expresion
    (13) expresion -> expresion . MENORQUE expresion
    (14) expresion -> expresion . MAYORQUE expresion
    (15) expresion -> expresion . IGUALIGUAL expresion
    (16) expresion -> expresion . DIFERENTE expresion
    (17) expresion -> expresion . MENORIGUAL expresion
    (18) expresion -> expresion . MAYORIGUAL expresion
    (19) expresion -> expresion . AND expresion
    (20) expresion -> expresion . OR expresion

    PARC            reduce using rule 8 (expresion -> expresion MENOS expresion .)
    MAS             reduce using rule 8 (expresion -> expresion MENOS expresion .)
    MENOS           reduce using rule 8 (expresion -> expresion MENOS expresion .)
    MENORQUE        reduce using rule 8 (expresion -> expresion MENOS expresion .)
    MAYORQUE        reduce using rule 8 (expresion -> expresion MENOS expresion .)
    IGUALIGUAL      reduce using rule 8 (expresion -> expresion MENOS expresion .)
    DIFERENTE       reduce using rule 8 (expresion -> expresion MENOS expresion .)
    MENORIGUAL      reduce using rule 8 (expresion -> expresion MENOS expresion .)
    MAYORIGUAL      reduce using rule 8 (expresion -> expresion MENOS expresion .)
    AND             reduce using rule 8 (expresion -> expresion MENOS expresion .)
    OR              reduce using rule 8 (expresion -> expresion MENOS expresion .)
    POR             shift and go to state 23
    DIV             shift and go to state 24
    POT             shift and go to state 25
    MOD             shift and go to state 26

  ! POR             [ reduce using rule 8 (expresion -> expresion MENOS expresion .) ]
  ! DIV             [ reduce using rule 8 (expresion -> expresion MENOS expresion .) ]
  ! POT             [ reduce using rule 8 (expresion -> expresion MENOS expresion .) ]
  ! MOD             [ reduce using rule 8 (expresion -> expresion MENOS expresion .) ]
  ! MAS             [ shift and go to state 21 ]
  ! MENOS           [ shift and go to state 22 ]
  ! MENORQUE        [ shift and go to state 27 ]
  ! MAYORQUE        [ shift and go to state 28 ]
  ! IGUALIGUAL      [ shift and go to state 29 ]
  ! DIFERENTE       [ shift and go to state 30 ]
  ! MENORIGUAL      [ shift and go to state 31 ]
  ! MAYORIGUAL      [ shift and go to state 32 ]
  ! AND             [ shift and go to state 33 ]
  ! OR              [ shift and go to state 34 ]


state 41

    (9) expresion -> expresion POR expresion .
    (7) expresion -> expresion . MAS expresion
    (8) expresion -> expresion . MENOS expresion
    (9) expresion -> expresion . POR expresion
    (10) expresion -> expresion . DIV expresion
    (11) expresion -> expresion . POT expresion
    (12) expresion -> expresion . MOD expresion
    (13) expresion -> expresion . MENORQUE expresion
    (14) expresion -> expresion . MAYORQUE expresion
    (15) expresion -> expresion . IGUALIGUAL expresion
    (16) expresion -> expresion . DIFERENTE expresion
    (17) expresion -> expresion . MENORIGUAL expresion
    (18) expresion -> expresion . MAYORIGUAL expresion
    (19) expresion -> expresion . AND expresion
    (20) expresion -> expresion . OR expresion

    PARC            reduce using rule 9 (expresion -> expresion POR expresion .)
    MAS             reduce using rule 9 (expresion -> expresion POR expresion .)
    MENOS           reduce using rule 9 (expresion -> expresion POR expresion .)
    POR             reduce using rule 9 (expresion -> expresion POR expresion .)
    DIV             reduce using rule 9 (expresion -> expresion POR expresion .)
    MOD             reduce using rule 9 (expresion -> expresion POR expresion .)
    MENORQUE        reduce using rule 9 (expresion -> expresion POR expresion .)
    MAYORQUE        reduce using rule 9 (expresion -> expresion POR expresion .)
    IGUALIGUAL      reduce using rule 9 (expresion -> expresion POR expresion .)
    DIFERENTE       reduce using rule 9 (expresion -> expresion POR expresion .)
    MENORIGUAL      reduce using rule 9 (expresion -> expresion POR expresion .)
    MAYORIGUAL      reduce using rule 9 (expresion -> expresion POR expresion .)
    AND             reduce using rule 9 (expresion -> expresion POR expresion .)
    OR              reduce using rule 9 (expresion -> expresion POR expresion .)
    POT             shift and go to state 25

  ! POT             [ reduce using rule 9 (expresion -> expresion POR expresion .) ]
  ! MAS             [ shift and go to state 21 ]
  ! MENOS           [ shift and go to state 22 ]
  ! POR             [ shift and go to state 23 ]
  ! DIV             [ shift and go to state 24 ]
  ! MOD             [ shift and go to state 26 ]
  ! MENORQUE        [ shift and go to state 27 ]
  ! MAYORQUE        [ shift and go to state 28 ]
  ! IGUALIGUAL      [ shift and go to state 29 ]
  ! DIFERENTE       [ shift and go to state 30 ]
  ! MENORIGUAL      [ shift and go to state 31 ]
  ! MAYORIGUAL      [ shift and go to state 32 ]
  ! AND             [ shift and go to state 33 ]
  ! OR              [ shift and go to state 34 ]


state 42

    (10) expresion -> expresion DIV expresion .
    (7) expresion -> expresion . MAS expresion
    (8) expresion -> expresion . MENOS expresion
    (9) expresion -> expresion . POR expresion
    (10) expresion -> expresion . DIV expresion
    (11) expresion -> expresion . POT expresion
    (12) expresion -> expresion . MOD expresion
    (13) expresion -> expresion . MENORQUE expresion
    (14) expresion -> expresion . MAYORQUE expresion
    (15) expresion -> expresion . IGUALIGUAL expresion
    (16) expresion -> expresion . DIFERENTE expresion
    (17) expresion -> expresion . MENORIGUAL expresion
    (18) expresion -> expresion . MAYORIGUAL expresion
    (19) expresion -> expresion . AND expresion
    (20) expresion -> expresion . OR expresion

    PARC            reduce using rule 10 (expresion -> expresion DIV expresion .)
    MAS             reduce using rule 10 (expresion -> expresion DIV expresion .)
    MENOS           reduce using rule 10 (expresion -> expresion DIV expresion .)
    POR             reduce using rule 10 (expresion -> expresion DIV expresion .)
    DIV             reduce using rule 10 (expresion -> expresion DIV expresion .)
    MOD             reduce using rule 10 (expresion -> expresion DIV expresion .)
    MENORQUE        reduce using rule 10 (expresion -> expresion DIV expresion .)
    MAYORQUE        reduce using rule 10 (expresion -> expresion DIV expresion .)
    IGUALIGUAL      reduce using rule 10 (expresion -> expresion DIV expresion .)
    DIFERENTE       reduce using rule 10 (expresion -> expresion DIV expresion .)
    MENORIGUAL      reduce using rule 10 (expresion -> expresion DIV expresion .)
    MAYORIGUAL      reduce using rule 10 (expresion -> expresion DIV expresion .)
    AND             reduce using rule 10 (expresion -> expresion DIV expresion .)
    OR              reduce using rule 10 (expresion -> expresion DIV expresion .)
    POT             shift and go to state 25

  ! POT             [ reduce using rule 10 (expresion -> expresion DIV expresion .) ]
  ! MAS             [ shift and go to state 21 ]
  ! MENOS           [ shift and go to state 22 ]
  ! POR             [ shift and go to state 23 ]
  ! DIV             [ shift and go to state 24 ]
  ! MOD             [ shift and go to state 26 ]
  ! MENORQUE        [ shift and go to state 27 ]
  ! MAYORQUE        [ shift and go to state 28 ]
  ! IGUALIGUAL      [ shift and go to state 29 ]
  ! DIFERENTE       [ shift and go to state 30 ]
  ! MENORIGUAL      [ shift and go to state 31 ]
  ! MAYORIGUAL      [ shift and go to state 32 ]
  ! AND             [ shift and go to state 33 ]
  ! OR              [ shift and go to state 34 ]


state 43

    (11) expresion -> expresion POT expresion .
    (7) expresion -> expresion . MAS expresion
    (8) expresion -> expresion . MENOS expresion
    (9) expresion -> expresion . POR expresion
    (10) expresion -> expresion . DIV expresion
    (11) expresion -> expresion . POT expresion
    (12) expresion -> expresion . MOD expresion
    (13) expresion -> expresion . MENORQUE expresion
    (14) expresion -> expresion . MAYORQUE expresion
    (15) expresion -> expresion . IGUALIGUAL expresion
    (16) expresion -> expresion . DIFERENTE expresion
    (17) expresion -> expresion . MENORIGUAL expresion
    (18) expresion -> expresion . MAYORIGUAL expresion
    (19) expresion -> expresion . AND expresion
    (20) expresion -> expresion . OR expresion

    PARC            reduce using rule 11 (expresion -> expresion POT expresion .)
    MAS             reduce using rule 11 (expresion -> expresion POT expresion .)
    MENOS           reduce using rule 11 (expresion -> expresion POT expresion .)
    POR             reduce using rule 11 (expresion -> expresion POT expresion .)
    DIV             reduce using rule 11 (expresion -> expresion POT expresion .)
    POT             reduce using rule 11 (expresion -> expresion POT expresion .)
    MOD             reduce using rule 11 (expresion -> expresion POT expresion .)
    MENORQUE        reduce using rule 11 (expresion -> expresion POT expresion .)
    MAYORQUE        reduce using rule 11 (expresion -> expresion POT expresion .)
    IGUALIGUAL      reduce using rule 11 (expresion -> expresion POT expresion .)
    DIFERENTE       reduce using rule 11 (expresion -> expresion POT expresion .)
    MENORIGUAL      reduce using rule 11 (expresion -> expresion POT expresion .)
    MAYORIGUAL      reduce using rule 11 (expresion -> expresion POT expresion .)
    AND             reduce using rule 11 (expresion -> expresion POT expresion .)
    OR              reduce using rule 11 (expresion -> expresion POT expresion .)

  ! MAS             [ shift and go to state 21 ]
  ! MENOS           [ shift and go to state 22 ]
  ! POR             [ shift and go to state 23 ]
  ! DIV             [ shift and go to state 24 ]
  ! POT             [ shift and go to state 25 ]
  ! MOD             [ shift and go to state 26 ]
  ! MENORQUE        [ shift and go to state 27 ]
  ! MAYORQUE        [ shift and go to state 28 ]
  ! IGUALIGUAL      [ shift and go to state 29 ]
  ! DIFERENTE       [ shift and go to state 30 ]
  ! MENORIGUAL      [ shift and go to state 31 ]
  ! MAYORIGUAL      [ shift and go to state 32 ]
  ! AND             [ shift and go to state 33 ]
  ! OR              [ shift and go to state 34 ]


state 44

    (12) expresion -> expresion MOD expresion .
    (7) expresion -> expresion . MAS expresion
    (8) expresion -> expresion . MENOS expresion
    (9) expresion -> expresion . POR expresion
    (10) expresion -> expresion . DIV expresion
    (11) expresion -> expresion . POT expresion
    (12) expresion -> expresion . MOD expresion
    (13) expresion -> expresion . MENORQUE expresion
    (14) expresion -> expresion . MAYORQUE expresion
    (15) expresion -> expresion . IGUALIGUAL expresion
    (16) expresion -> expresion . DIFERENTE expresion
    (17) expresion -> expresion . MENORIGUAL expresion
    (18) expresion -> expresion . MAYORIGUAL expresion
    (19) expresion -> expresion . AND expresion
    (20) expresion -> expresion . OR expresion

    PARC            reduce using rule 12 (expresion -> expresion MOD expresion .)
    MAS             reduce using rule 12 (expresion -> expresion MOD expresion .)
    MENOS           reduce using rule 12 (expresion -> expresion MOD expresion .)
    POR             reduce using rule 12 (expresion -> expresion MOD expresion .)
    DIV             reduce using rule 12 (expresion -> expresion MOD expresion .)
    MOD             reduce using rule 12 (expresion -> expresion MOD expresion .)
    MENORQUE        reduce using rule 12 (expresion -> expresion MOD expresion .)
    MAYORQUE        reduce using rule 12 (expresion -> expresion MOD expresion .)
    IGUALIGUAL      reduce using rule 12 (expresion -> expresion MOD expresion .)
    DIFERENTE       reduce using rule 12 (expresion -> expresion MOD expresion .)
    MENORIGUAL      reduce using rule 12 (expresion -> expresion MOD expresion .)
    MAYORIGUAL      reduce using rule 12 (expresion -> expresion MOD expresion .)
    AND             reduce using rule 12 (expresion -> expresion MOD expresion .)
    OR              reduce using rule 12 (expresion -> expresion MOD expresion .)
    POT             shift and go to state 25

  ! POT             [ reduce using rule 12 (expresion -> expresion MOD expresion .) ]
  ! MAS             [ shift and go to state 21 ]
  ! MENOS           [ shift and go to state 22 ]
  ! POR             [ shift and go to state 23 ]
  ! DIV             [ shift and go to state 24 ]
  ! MOD             [ shift and go to state 26 ]
  ! MENORQUE        [ shift and go to state 27 ]
  ! MAYORQUE        [ shift and go to state 28 ]
  ! IGUALIGUAL      [ shift and go to state 29 ]
  ! DIFERENTE       [ shift and go to state 30 ]
  ! MENORIGUAL      [ shift and go to state 31 ]
  ! MAYORIGUAL      [ shift and go to state 32 ]
  ! AND             [ shift and go to state 33 ]
  ! OR              [ shift and go to state 34 ]


state 45

    (13) expresion -> expresion MENORQUE expresion .
    (7) expresion -> expresion . MAS expresion
    (8) expresion -> expresion . MENOS expresion
    (9) expresion -> expresion . POR expresion
    (10) expresion -> expresion . DIV expresion
    (11) expresion -> expresion . POT expresion
    (12) expresion -> expresion . MOD expresion
    (13) expresion -> expresion . MENORQUE expresion
    (14) expresion -> expresion . MAYORQUE expresion
    (15) expresion -> expresion . IGUALIGUAL expresion
    (16) expresion -> expresion . DIFERENTE expresion
    (17) expresion -> expresion . MENORIGUAL expresion
    (18) expresion -> expresion . MAYORIGUAL expresion
    (19) expresion -> expresion . AND expresion
    (20) expresion -> expresion . OR expresion

    PARC            reduce using rule 13 (expresion -> expresion MENORQUE expresion .)
    MENORQUE        reduce using rule 13 (expresion -> expresion MENORQUE expresion .)
    MAYORQUE        reduce using rule 13 (expresion -> expresion MENORQUE expresion .)
    IGUALIGUAL      reduce using rule 13 (expresion -> expresion MENORQUE expresion .)
    DIFERENTE       reduce using rule 13 (expresion -> expresion MENORQUE expresion .)
    MENORIGUAL      reduce using rule 13 (expresion -> expresion MENORQUE expresion .)
    MAYORIGUAL      reduce using rule 13 (expresion -> expresion MENORQUE expresion .)
    AND             reduce using rule 13 (expresion -> expresion MENORQUE expresion .)
    OR              reduce using rule 13 (expresion -> expresion MENORQUE expresion .)
    MAS             shift and go to state 21
    MENOS           shift and go to state 22
    POR             shift and go to state 23
    DIV             shift and go to state 24
    POT             shift and go to state 25
    MOD             shift and go to state 26

  ! MAS             [ reduce using rule 13 (expresion -> expresion MENORQUE expresion .) ]
  ! MENOS           [ reduce using rule 13 (expresion -> expresion MENORQUE expresion .) ]
  ! POR             [ reduce using rule 13 (expresion -> expresion MENORQUE expresion .) ]
  ! DIV             [ reduce using rule 13 (expresion -> expresion MENORQUE expresion .) ]
  ! POT             [ reduce using rule 13 (expresion -> expresion MENORQUE expresion .) ]
  ! MOD             [ reduce using rule 13 (expresion -> expresion MENORQUE expresion .) ]
  ! MENORQUE        [ shift and go to state 27 ]
  ! MAYORQUE        [ shift and go to state 28 ]
  ! IGUALIGUAL      [ shift and go to state 29 ]
  ! DIFERENTE       [ shift and go to state 30 ]
  ! MENORIGUAL      [ shift and go to state 31 ]
  ! MAYORIGUAL      [ shift and go to state 32 ]
  ! AND             [ shift and go to state 33 ]
  ! OR              [ shift and go to state 34 ]


state 46

    (14) expresion -> expresion MAYORQUE expresion .
    (7) expresion -> expresion . MAS expresion
    (8) expresion -> expresion . MENOS expresion
    (9) expresion -> expresion . POR expresion
    (10) expresion -> expresion . DIV expresion
    (11) expresion -> expresion . POT expresion
    (12) expresion -> expresion . MOD expresion
    (13) expresion -> expresion . MENORQUE expresion
    (14) expresion -> expresion . MAYORQUE expresion
    (15) expresion -> expresion . IGUALIGUAL expresion
    (16) expresion -> expresion . DIFERENTE expresion
    (17) expresion -> expresion . MENORIGUAL expresion
    (18) expresion -> expresion . MAYORIGUAL expresion
    (19) expresion -> expresion . AND expresion
    (20) expresion -> expresion . OR expresion

    PARC            reduce using rule 14 (expresion -> expresion MAYORQUE expresion .)
    MENORQUE        reduce using rule 14 (expresion -> expresion MAYORQUE expresion .)
    MAYORQUE        reduce using rule 14 (expresion -> expresion MAYORQUE expresion .)
    IGUALIGUAL      reduce using rule 14 (expresion -> expresion MAYORQUE expresion .)
    DIFERENTE       reduce using rule 14 (expresion -> expresion MAYORQUE expresion .)
    MENORIGUAL      reduce using rule 14 (expresion -> expresion MAYORQUE expresion .)
    MAYORIGUAL      reduce using rule 14 (expresion -> expresion MAYORQUE expresion .)
    AND             reduce using rule 14 (expresion -> expresion MAYORQUE expresion .)
    OR              reduce using rule 14 (expresion -> expresion MAYORQUE expresion .)
    MAS             shift and go to state 21
    MENOS           shift and go to state 22
    POR             shift and go to state 23
    DIV             shift and go to state 24
    POT             shift and go to state 25
    MOD             shift and go to state 26

  ! MAS             [ reduce using rule 14 (expresion -> expresion MAYORQUE expresion .) ]
  ! MENOS           [ reduce using rule 14 (expresion -> expresion MAYORQUE expresion .) ]
  ! POR             [ reduce using rule 14 (expresion -> expresion MAYORQUE expresion .) ]
  ! DIV             [ reduce using rule 14 (expresion -> expresion MAYORQUE expresion .) ]
  ! POT             [ reduce using rule 14 (expresion -> expresion MAYORQUE expresion .) ]
  ! MOD             [ reduce using rule 14 (expresion -> expresion MAYORQUE expresion .) ]
  ! MENORQUE        [ shift and go to state 27 ]
  ! MAYORQUE        [ shift and go to state 28 ]
  ! IGUALIGUAL      [ shift and go to state 29 ]
  ! DIFERENTE       [ shift and go to state 30 ]
  ! MENORIGUAL      [ shift and go to state 31 ]
  ! MAYORIGUAL      [ shift and go to state 32 ]
  ! AND             [ shift and go to state 33 ]
  ! OR              [ shift and go to state 34 ]


state 47

    (15) expresion -> expresion IGUALIGUAL expresion .
    (7) expresion -> expresion . MAS expresion
    (8) expresion -> expresion . MENOS expresion
    (9) expresion -> expresion . POR expresion
    (10) expresion -> expresion . DIV expresion
    (11) expresion -> expresion . POT expresion
    (12) expresion -> expresion . MOD expresion
    (13) expresion -> expresion . MENORQUE expresion
    (14) expresion -> expresion . MAYORQUE expresion
    (15) expresion -> expresion . IGUALIGUAL expresion
    (16) expresion -> expresion . DIFERENTE expresion
    (17) expresion -> expresion . MENORIGUAL expresion
    (18) expresion -> expresion . MAYORIGUAL expresion
    (19) expresion -> expresion . AND expresion
    (20) expresion -> expresion . OR expresion

    PARC            reduce using rule 15 (expresion -> expresion IGUALIGUAL expresion .)
    MENORQUE        reduce using rule 15 (expresion -> expresion IGUALIGUAL expresion .)
    MAYORQUE        reduce using rule 15 (expresion -> expresion IGUALIGUAL expresion .)
    IGUALIGUAL      reduce using rule 15 (expresion -> expresion IGUALIGUAL expresion .)
    DIFERENTE       reduce using rule 15 (expresion -> expresion IGUALIGUAL expresion .)
    MENORIGUAL      reduce using rule 15 (expresion -> expresion IGUALIGUAL expresion .)
    MAYORIGUAL      reduce using rule 15 (expresion -> expresion IGUALIGUAL expresion .)
    AND             reduce using rule 15 (expresion -> expresion IGUALIGUAL expresion .)
    OR              reduce using rule 15 (expresion -> expresion IGUALIGUAL expresion .)
    MAS             shift and go to state 21
    MENOS           shift and go to state 22
    POR             shift and go to state 23
    DIV             shift and go to state 24
    POT             shift and go to state 25
    MOD             shift and go to state 26

  ! MAS             [ reduce using rule 15 (expresion -> expresion IGUALIGUAL expresion .) ]
  ! MENOS           [ reduce using rule 15 (expresion -> expresion IGUALIGUAL expresion .) ]
  ! POR             [ reduce using rule 15 (expresion -> expresion IGUALIGUAL expresion .) ]
  ! DIV             [ reduce using rule 15 (expresion -> expresion IGUALIGUAL expresion .) ]
  ! POT             [ reduce using rule 15 (expresion -> expresion IGUALIGUAL expresion .) ]
  ! MOD             [ reduce using rule 15 (expresion -> expresion IGUALIGUAL expresion .) ]
  ! MENORQUE        [ shift and go to state 27 ]
  ! MAYORQUE        [ shift and go to state 28 ]
  ! IGUALIGUAL      [ shift and go to state 29 ]
  ! DIFERENTE       [ shift and go to state 30 ]
  ! MENORIGUAL      [ shift and go to state 31 ]
  ! MAYORIGUAL      [ shift and go to state 32 ]
  ! AND             [ shift and go to state 33 ]
  ! OR              [ shift and go to state 34 ]


state 48

    (16) expresion -> expresion DIFERENTE expresion .
    (7) expresion -> expresion . MAS expresion
    (8) expresion -> expresion . MENOS expresion
    (9) expresion -> expresion . POR expresion
    (10) expresion -> expresion . DIV expresion
    (11) expresion -> expresion . POT expresion
    (12) expresion -> expresion . MOD expresion
    (13) expresion -> expresion . MENORQUE expresion
    (14) expresion -> expresion . MAYORQUE expresion
    (15) expresion -> expresion . IGUALIGUAL expresion
    (16) expresion -> expresion . DIFERENTE expresion
    (17) expresion -> expresion . MENORIGUAL expresion
    (18) expresion -> expresion . MAYORIGUAL expresion
    (19) expresion -> expresion . AND expresion
    (20) expresion -> expresion . OR expresion

  ! shift/reduce conflict for MAS resolved as shift
  ! shift/reduce conflict for MENOS resolved as shift
  ! shift/reduce conflict for POR resolved as shift
  ! shift/reduce conflict for DIV resolved as shift
  ! shift/reduce conflict for POT resolved as shift
  ! shift/reduce conflict for MOD resolved as shift
  ! shift/reduce conflict for MENORQUE resolved as shift
  ! shift/reduce conflict for MAYORQUE resolved as shift
  ! shift/reduce conflict for IGUALIGUAL resolved as shift
  ! shift/reduce conflict for DIFERENTE resolved as shift
  ! shift/reduce conflict for MENORIGUAL resolved as shift
  ! shift/reduce conflict for MAYORIGUAL resolved as shift
  ! shift/reduce conflict for AND resolved as shift
  ! shift/reduce conflict for OR resolved as shift
    PARC            reduce using rule 16 (expresion -> expresion DIFERENTE expresion .)
    MAS             shift and go to state 21
    MENOS           shift and go to state 22
    POR             shift and go to state 23
    DIV             shift and go to state 24
    POT             shift and go to state 25
    MOD             shift and go to state 26
    MENORQUE        shift and go to state 27
    MAYORQUE        shift and go to state 28
    IGUALIGUAL      shift and go to state 29
    DIFERENTE       shift and go to state 30
    MENORIGUAL      shift and go to state 31
    MAYORIGUAL      shift and go to state 32
    AND             shift and go to state 33
    OR              shift and go to state 34

  ! MAS             [ reduce using rule 16 (expresion -> expresion DIFERENTE expresion .) ]
  ! MENOS           [ reduce using rule 16 (expresion -> expresion DIFERENTE expresion .) ]
  ! POR             [ reduce using rule 16 (expresion -> expresion DIFERENTE expresion .) ]
  ! DIV             [ reduce using rule 16 (expresion -> expresion DIFERENTE expresion .) ]
  ! POT             [ reduce using rule 16 (expresion -> expresion DIFERENTE expresion .) ]
  ! MOD             [ reduce using rule 16 (expresion -> expresion DIFERENTE expresion .) ]
  ! MENORQUE        [ reduce using rule 16 (expresion -> expresion DIFERENTE expresion .) ]
  ! MAYORQUE        [ reduce using rule 16 (expresion -> expresion DIFERENTE expresion .) ]
  ! IGUALIGUAL      [ reduce using rule 16 (expresion -> expresion DIFERENTE expresion .) ]
  ! DIFERENTE       [ reduce using rule 16 (expresion -> expresion DIFERENTE expresion .) ]
  ! MENORIGUAL      [ reduce using rule 16 (expresion -> expresion DIFERENTE expresion .) ]
  ! MAYORIGUAL      [ reduce using rule 16 (expresion -> expresion DIFERENTE expresion .) ]
  ! AND             [ reduce using rule 16 (expresion -> expresion DIFERENTE expresion .) ]
  ! OR              [ reduce using rule 16 (expresion -> expresion DIFERENTE expresion .) ]


state 49

    (17) expresion -> expresion MENORIGUAL expresion .
    (7) expresion -> expresion . MAS expresion
    (8) expresion -> expresion . MENOS expresion
    (9) expresion -> expresion . POR expresion
    (10) expresion -> expresion . DIV expresion
    (11) expresion -> expresion . POT expresion
    (12) expresion -> expresion . MOD expresion
    (13) expresion -> expresion . MENORQUE expresion
    (14) expresion -> expresion . MAYORQUE expresion
    (15) expresion -> expresion . IGUALIGUAL expresion
    (16) expresion -> expresion . DIFERENTE expresion
    (17) expresion -> expresion . MENORIGUAL expresion
    (18) expresion -> expresion . MAYORIGUAL expresion
    (19) expresion -> expresion . AND expresion
    (20) expresion -> expresion . OR expresion

  ! shift/reduce conflict for MAS resolved as shift
  ! shift/reduce conflict for MENOS resolved as shift
  ! shift/reduce conflict for POR resolved as shift
  ! shift/reduce conflict for DIV resolved as shift
  ! shift/reduce conflict for POT resolved as shift
  ! shift/reduce conflict for MOD resolved as shift
  ! shift/reduce conflict for MENORQUE resolved as shift
  ! shift/reduce conflict for MAYORQUE resolved as shift
  ! shift/reduce conflict for IGUALIGUAL resolved as shift
  ! shift/reduce conflict for DIFERENTE resolved as shift
  ! shift/reduce conflict for MENORIGUAL resolved as shift
  ! shift/reduce conflict for MAYORIGUAL resolved as shift
  ! shift/reduce conflict for AND resolved as shift
  ! shift/reduce conflict for OR resolved as shift
    PARC            reduce using rule 17 (expresion -> expresion MENORIGUAL expresion .)
    MAS             shift and go to state 21
    MENOS           shift and go to state 22
    POR             shift and go to state 23
    DIV             shift and go to state 24
    POT             shift and go to state 25
    MOD             shift and go to state 26
    MENORQUE        shift and go to state 27
    MAYORQUE        shift and go to state 28
    IGUALIGUAL      shift and go to state 29
    DIFERENTE       shift and go to state 30
    MENORIGUAL      shift and go to state 31
    MAYORIGUAL      shift and go to state 32
    AND             shift and go to state 33
    OR              shift and go to state 34

  ! MAS             [ reduce using rule 17 (expresion -> expresion MENORIGUAL expresion .) ]
  ! MENOS           [ reduce using rule 17 (expresion -> expresion MENORIGUAL expresion .) ]
  ! POR             [ reduce using rule 17 (expresion -> expresion MENORIGUAL expresion .) ]
  ! DIV             [ reduce using rule 17 (expresion -> expresion MENORIGUAL expresion .) ]
  ! POT             [ reduce using rule 17 (expresion -> expresion MENORIGUAL expresion .) ]
  ! MOD             [ reduce using rule 17 (expresion -> expresion MENORIGUAL expresion .) ]
  ! MENORQUE        [ reduce using rule 17 (expresion -> expresion MENORIGUAL expresion .) ]
  ! MAYORQUE        [ reduce using rule 17 (expresion -> expresion MENORIGUAL expresion .) ]
  ! IGUALIGUAL      [ reduce using rule 17 (expresion -> expresion MENORIGUAL expresion .) ]
  ! DIFERENTE       [ reduce using rule 17 (expresion -> expresion MENORIGUAL expresion .) ]
  ! MENORIGUAL      [ reduce using rule 17 (expresion -> expresion MENORIGUAL expresion .) ]
  ! MAYORIGUAL      [ reduce using rule 17 (expresion -> expresion MENORIGUAL expresion .) ]
  ! AND             [ reduce using rule 17 (expresion -> expresion MENORIGUAL expresion .) ]
  ! OR              [ reduce using rule 17 (expresion -> expresion MENORIGUAL expresion .) ]


state 50

    (18) expresion -> expresion MAYORIGUAL expresion .
    (7) expresion -> expresion . MAS expresion
    (8) expresion -> expresion . MENOS expresion
    (9) expresion -> expresion . POR expresion
    (10) expresion -> expresion . DIV expresion
    (11) expresion -> expresion . POT expresion
    (12) expresion -> expresion . MOD expresion
    (13) expresion -> expresion . MENORQUE expresion
    (14) expresion -> expresion . MAYORQUE expresion
    (15) expresion -> expresion . IGUALIGUAL expresion
    (16) expresion -> expresion . DIFERENTE expresion
    (17) expresion -> expresion . MENORIGUAL expresion
    (18) expresion -> expresion . MAYORIGUAL expresion
    (19) expresion -> expresion . AND expresion
    (20) expresion -> expresion . OR expresion

  ! shift/reduce conflict for MAS resolved as shift
  ! shift/reduce conflict for MENOS resolved as shift
  ! shift/reduce conflict for POR resolved as shift
  ! shift/reduce conflict for DIV resolved as shift
  ! shift/reduce conflict for POT resolved as shift
  ! shift/reduce conflict for MOD resolved as shift
  ! shift/reduce conflict for MENORQUE resolved as shift
  ! shift/reduce conflict for MAYORQUE resolved as shift
  ! shift/reduce conflict for IGUALIGUAL resolved as shift
  ! shift/reduce conflict for DIFERENTE resolved as shift
  ! shift/reduce conflict for MENORIGUAL resolved as shift
  ! shift/reduce conflict for MAYORIGUAL resolved as shift
  ! shift/reduce conflict for AND resolved as shift
  ! shift/reduce conflict for OR resolved as shift
    PARC            reduce using rule 18 (expresion -> expresion MAYORIGUAL expresion .)
    MAS             shift and go to state 21
    MENOS           shift and go to state 22
    POR             shift and go to state 23
    DIV             shift and go to state 24
    POT             shift and go to state 25
    MOD             shift and go to state 26
    MENORQUE        shift and go to state 27
    MAYORQUE        shift and go to state 28
    IGUALIGUAL      shift and go to state 29
    DIFERENTE       shift and go to state 30
    MENORIGUAL      shift and go to state 31
    MAYORIGUAL      shift and go to state 32
    AND             shift and go to state 33
    OR              shift and go to state 34

  ! MAS             [ reduce using rule 18 (expresion -> expresion MAYORIGUAL expresion .) ]
  ! MENOS           [ reduce using rule 18 (expresion -> expresion MAYORIGUAL expresion .) ]
  ! POR             [ reduce using rule 18 (expresion -> expresion MAYORIGUAL expresion .) ]
  ! DIV             [ reduce using rule 18 (expresion -> expresion MAYORIGUAL expresion .) ]
  ! POT             [ reduce using rule 18 (expresion -> expresion MAYORIGUAL expresion .) ]
  ! MOD             [ reduce using rule 18 (expresion -> expresion MAYORIGUAL expresion .) ]
  ! MENORQUE        [ reduce using rule 18 (expresion -> expresion MAYORIGUAL expresion .) ]
  ! MAYORQUE        [ reduce using rule 18 (expresion -> expresion MAYORIGUAL expresion .) ]
  ! IGUALIGUAL      [ reduce using rule 18 (expresion -> expresion MAYORIGUAL expresion .) ]
  ! DIFERENTE       [ reduce using rule 18 (expresion -> expresion MAYORIGUAL expresion .) ]
  ! MENORIGUAL      [ reduce using rule 18 (expresion -> expresion MAYORIGUAL expresion .) ]
  ! MAYORIGUAL      [ reduce using rule 18 (expresion -> expresion MAYORIGUAL expresion .) ]
  ! AND             [ reduce using rule 18 (expresion -> expresion MAYORIGUAL expresion .) ]
  ! OR              [ reduce using rule 18 (expresion -> expresion MAYORIGUAL expresion .) ]


state 51

    (19) expresion -> expresion AND expresion .
    (7) expresion -> expresion . MAS expresion
    (8) expresion -> expresion . MENOS expresion
    (9) expresion -> expresion . POR expresion
    (10) expresion -> expresion . DIV expresion
    (11) expresion -> expresion . POT expresion
    (12) expresion -> expresion . MOD expresion
    (13) expresion -> expresion . MENORQUE expresion
    (14) expresion -> expresion . MAYORQUE expresion
    (15) expresion -> expresion . IGUALIGUAL expresion
    (16) expresion -> expresion . DIFERENTE expresion
    (17) expresion -> expresion . MENORIGUAL expresion
    (18) expresion -> expresion . MAYORIGUAL expresion
    (19) expresion -> expresion . AND expresion
    (20) expresion -> expresion . OR expresion

    PARC            reduce using rule 19 (expresion -> expresion AND expresion .)
    DIFERENTE       reduce using rule 19 (expresion -> expresion AND expresion .)
    MENORIGUAL      reduce using rule 19 (expresion -> expresion AND expresion .)
    MAYORIGUAL      reduce using rule 19 (expresion -> expresion AND expresion .)
    AND             reduce using rule 19 (expresion -> expresion AND expresion .)
    OR              reduce using rule 19 (expresion -> expresion AND expresion .)
    MAS             shift and go to state 21
    MENOS           shift and go to state 22
    POR             shift and go to state 23
    DIV             shift and go to state 24
    POT             shift and go to state 25
    MOD             shift and go to state 26
    MENORQUE        shift and go to state 27
    MAYORQUE        shift and go to state 28
    IGUALIGUAL      shift and go to state 29

  ! MAS             [ reduce using rule 19 (expresion -> expresion AND expresion .) ]
  ! MENOS           [ reduce using rule 19 (expresion -> expresion AND expresion .) ]
  ! POR             [ reduce using rule 19 (expresion -> expresion AND expresion .) ]
  ! DIV             [ reduce using rule 19 (expresion -> expresion AND expresion .) ]
  ! POT             [ reduce using rule 19 (expresion -> expresion AND expresion .) ]
  ! MOD             [ reduce using rule 19 (expresion -> expresion AND expresion .) ]
  ! MENORQUE        [ reduce using rule 19 (expresion -> expresion AND expresion .) ]
  ! MAYORQUE        [ reduce using rule 19 (expresion -> expresion AND expresion .) ]
  ! IGUALIGUAL      [ reduce using rule 19 (expresion -> expresion AND expresion .) ]
  ! DIFERENTE       [ shift and go to state 30 ]
  ! MENORIGUAL      [ shift and go to state 31 ]
  ! MAYORIGUAL      [ shift and go to state 32 ]
  ! AND             [ shift and go to state 33 ]
  ! OR              [ shift and go to state 34 ]


state 52

    (20) expresion -> expresion OR expresion .
    (7) expresion -> expresion . MAS expresion
    (8) expresion -> expresion . MENOS expresion
    (9) expresion -> expresion . POR expresion
    (10) expresion -> expresion . DIV expresion
    (11) expresion -> expresion . POT expresion
    (12) expresion -> expresion . MOD expresion
    (13) expresion -> expresion . MENORQUE expresion
    (14) expresion -> expresion . MAYORQUE expresion
    (15) expresion -> expresion . IGUALIGUAL expresion
    (16) expresion -> expresion . DIFERENTE expresion
    (17) expresion -> expresion . MENORIGUAL expresion
    (18) expresion -> expresion . MAYORIGUAL expresion
    (19) expresion -> expresion . AND expresion
    (20) expresion -> expresion . OR expresion

    PARC            reduce using rule 20 (expresion -> expresion OR expresion .)
    DIFERENTE       reduce using rule 20 (expresion -> expresion OR expresion .)
    MENORIGUAL      reduce using rule 20 (expresion -> expresion OR expresion .)
    MAYORIGUAL      reduce using rule 20 (expresion -> expresion OR expresion .)
    OR              reduce using rule 20 (expresion -> expresion OR expresion .)
    MAS             shift and go to state 21
    MENOS           shift and go to state 22
    POR             shift and go to state 23
    DIV             shift and go to state 24
    POT             shift and go to state 25
    MOD             shift and go to state 26
    MENORQUE        shift and go to state 27
    MAYORQUE        shift and go to state 28
    IGUALIGUAL      shift and go to state 29
    AND             shift and go to state 33

  ! MAS             [ reduce using rule 20 (expresion -> expresion OR expresion .) ]
  ! MENOS           [ reduce using rule 20 (expresion -> expresion OR expresion .) ]
  ! POR             [ reduce using rule 20 (expresion -> expresion OR expresion .) ]
  ! DIV             [ reduce using rule 20 (expresion -> expresion OR expresion .) ]
  ! POT             [ reduce using rule 20 (expresion -> expresion OR expresion .) ]
  ! MOD             [ reduce using rule 20 (expresion -> expresion OR expresion .) ]
  ! MENORQUE        [ reduce using rule 20 (expresion -> expresion OR expresion .) ]
  ! MAYORQUE        [ reduce using rule 20 (expresion -> expresion OR expresion .) ]
  ! IGUALIGUAL      [ reduce using rule 20 (expresion -> expresion OR expresion .) ]
  ! AND             [ reduce using rule 20 (expresion -> expresion OR expresion .) ]
  ! DIFERENTE       [ shift and go to state 30 ]
  ! MENORIGUAL      [ shift and go to state 31 ]
  ! MAYORIGUAL      [ shift and go to state 32 ]
  ! OR              [ shift and go to state 34 ]

WARNING: 
WARNING: Conflicts:
WARNING: 
WARNING: shift/reduce conflict for MAS in state 48 resolved as shift
WARNING: shift/reduce conflict for MENOS in state 48 resolved as shift
WARNING: shift/reduce conflict for POR in state 48 resolved as shift
WARNING: shift/reduce conflict for DIV in state 48 resolved as shift
WARNING: shift/reduce conflict for POT in state 48 resolved as shift
WARNING: shift/reduce conflict for MOD in state 48 resolved as shift
WARNING: shift/reduce conflict for MENORQUE in state 48 resolved as shift
WARNING: shift/reduce conflict for MAYORQUE in state 48 resolved as shift
WARNING: shift/reduce conflict for IGUALIGUAL in state 48 resolved as shift
WARNING: shift/reduce conflict for DIFERENTE in state 48 resolved as shift
WARNING: shift/reduce conflict for MENORIGUAL in state 48 resolved as shift
WARNING: shift/reduce conflict for MAYORIGUAL in state 48 resolved as shift
WARNING: shift/reduce conflict for AND in state 48 resolved as shift
WARNING: shift/reduce conflict for OR in state 48 resolved as shift
WARNING: shift/reduce conflict for MAS in state 49 resolved as shift
WARNING: shift/reduce conflict for MENOS in state 49 resolved as shift
WARNING: shift/reduce conflict for POR in state 49 resolved as shift
WARNING: shift/reduce conflict for DIV in state 49 resolved as shift
WARNING: shift/reduce conflict for POT in state 49 resolved as shift
WARNING: shift/reduce conflict for MOD in state 49 resolved as shift
WARNING: shift/reduce conflict for MENORQUE in state 49 resolved as shift
WARNING: shift/reduce conflict for MAYORQUE in state 49 resolved as shift
WARNING: shift/reduce conflict for IGUALIGUAL in state 49 resolved as shift
WARNING: shift/reduce conflict for DIFERENTE in state 49 resolved as shift
WARNING: shift/reduce conflict for MENORIGUAL in state 49 resolved as shift
WARNING: shift/reduce conflict for MAYORIGUAL in state 49 resolved as shift
WARNING: shift/reduce conflict for AND in state 49 resolved as shift
WARNING: shift/reduce conflict for OR in state 49 resolved as shift
WARNING: shift/reduce conflict for MAS in state 50 resolved as shift
WARNING: shift/reduce conflict for MENOS in state 50 resolved as shift
WARNING: shift/reduce conflict for POR in state 50 resolved as shift
WARNING: shift/reduce conflict for DIV in state 50 resolved as shift
WARNING: shift/reduce conflict for POT in state 50 resolved as shift
WARNING: shift/reduce conflict for MOD in state 50 resolved as shift
WARNING: shift/reduce conflict for MENORQUE in state 50 resolved as shift
WARNING: shift/reduce conflict for MAYORQUE in state 50 resolved as shift
WARNING: shift/reduce conflict for IGUALIGUAL in state 50 resolved as shift
WARNING: shift/reduce conflict for DIFERENTE in state 50 resolved as shift
WARNING: shift/reduce conflict for MENORIGUAL in state 50 resolved as shift
WARNING: shift/reduce conflict for MAYORIGUAL in state 50 resolved as shift
WARNING: shift/reduce conflict for AND in state 50 resolved as shift
WARNING: shift/reduce conflict for OR in state 50 resolved as shift
